<?xml version="1.0" encoding="UTF-8"?>
<!-- Generated by org.testng.reporters.JUnitReportReporter -->
<testsuite skipped="0" hostname="USER-PC" name="MavenDemo.MavenCucumber.CucumberDemo" tests="7" failures="0" timestamp="10 May 2018 17:14:48 GMT" time="117.991" errors="0">
  <testcase name="User_Enter_userID_and_Password" time="0.012" classname="MavenDemo.MavenCucumber.CucumberDemo"/>
  <testcase name="user_unable_to_login" time="0.001" classname="MavenDemo.MavenCucumber.CucumberDemo"/>
  <testcase name="user_Login_successful" time="0.001" classname="MavenDemo.MavenCucumber.CucumberDemo"/>
  <testcase name="User_click_on_Login_Button" time="0.001" classname="MavenDemo.MavenCucumber.CucumberDemo"/>
  <testcase name="Browser_is_open" time="3.671" classname="MavenDemo.MavenCucumber.CucumberDemo"/>
  <testcase name="User_navigate_to_Application" time="114.303" classname="MavenDemo.MavenCucumber.CucumberDemo"/>
  <testcase name="User_Enter_invalid_userID_and_Password" time="0.002" classname="MavenDemo.MavenCucumber.CucumberDemo"/>
</testsuite> <!-- MavenDemo.MavenCucumber.CucumberDemo -->
