<?xml version="1.0" encoding="UTF-8"?>
<!-- Generated by org.testng.reporters.JUnitReportReporter -->
<testsuite skipped="0" hostname="USER-PC" name="MavenDemo.MavenCucumber.RunnerClass" tests="4" failures="0" timestamp="10 May 2018 17:14:48 GMT" time="0.004" errors="0">
  <testcase name="user_Login_successful1" time="0.001" classname="MavenDemo.MavenCucumber.RunnerClass"/>
  <testcase name="user_unable_to_login1" time="0.001" classname="MavenDemo.MavenCucumber.RunnerClass"/>
  <testcase name="user_navigate" time="0.001" classname="MavenDemo.MavenCucumber.RunnerClass"/>
  <testcase name="User_Enter_userID_and_Password1" time="0.001" classname="MavenDemo.MavenCucumber.RunnerClass"/>
</testsuite> <!-- MavenDemo.MavenCucumber.RunnerClass -->
